<?xml version="1.0" encoding="UTF-8"?>
<testsuite name="FuncionesTest" tests="8" skipped="0" failures="0" errors="0" timestamp="2021-11-22T03:33:23" hostname="PCBOX-PC" time="0.033">
  <properties/>
  <testcase name="convertirFloatAEnteroCon1erDecimalMenorA5Test()" classname="FuncionesTest" time="0.023"/>
  <testcase name="convertirFloatAEnteroConNumeroNegativoTest()" classname="FuncionesTest" time="0.001"/>
  <testcase name="anioValidoConAnioInvalidoTest()" classname="FuncionesTest" time="0.001"/>
  <testcase name="convertirFloatAEnteroCon1erDecimalMayorA5Test()" classname="FuncionesTest" time="0.0"/>
  <testcase name="anioValidoTest()" classname="FuncionesTest" time="0.001"/>
  <testcase name="convertirFloatAEnteroCon1erDecimalIgualA5Test()" classname="FuncionesTest" time="0.0"/>
  <testcase name="getNombreConNombreIgualAVacio()" classname="FuncionesTest" time="0.001"/>
  <testcase name="getNombreConNombreDistintoDeVacio()" classname="FuncionesTest" time="0.0"/>
  <system-out><![CDATA[]]></system-out>
  <system-err><![CDATA[]]></system-err>
</testsuite>
